<?xml version="1.0" encoding="UTF-8"?>
<!-- Generated by org.testng.reporters.JUnitReportReporter -->
<testsuite hostname="DESKTOP-VLAJNG1" failures="0" tests="15" name="com.ots.test.ui.LoginTest" time="31.209" errors="1" timestamp="2022-09-27T12:27:28 IST" skipped="14">
  <testcase classname="com.ots.test.ui.LoginTest" name="AppLogTest" time="31.207">
    <error message="Expected condition failed: waiting for visibility of element located by By.xpath: //div[@class=&#039;logo&#039;]//img (tried for 25 second(s) with 500 milliseconds interval)" type="org.openqa.selenium.TimeoutException">
      <![CDATA[org.openqa.selenium.TimeoutException: Expected condition failed: waiting for visibility of element located by By.xpath: //div[@class='logo']//img (tried for 25 second(s) with 500 milliseconds interval)
at org.openqa.selenium.support.ui.WebDriverWait.timeoutException(WebDriverWait.java:95)
at org.openqa.selenium.support.ui.FluentWait.until(FluentWait.java:272)
at com.ots.test.ui.common.utils.UITestSeleniumHelper.waitForElementToBeLoaded(UITestSeleniumHelper.java:416)
at com.ots.test.ui.common.utils.UITestSeleniumHelper.findElementByXPath(UITestSeleniumHelper.java:274)
at com.ots.test.ui.LoginTest.AppLogTest(LoginTest.java:113)
at java.base/jdk.internal.reflect.DirectMethodHandleAccessor.invoke(DirectMethodHandleAccessor.java:104)
at java.base/java.lang.reflect.Method.invoke(Method.java:577)
at org.testng.internal.MethodInvocationHelper.invokeMethod(MethodInvocationHelper.java:133)
at org.testng.internal.TestInvoker.invokeMethod(TestInvoker.java:584)
at org.testng.internal.TestInvoker.invokeTestMethod(TestInvoker.java:172)
at org.testng.internal.MethodRunner.runInSequence(MethodRunner.java:46)
at org.testng.internal.TestInvoker$MethodInvocationAgent.invoke(TestInvoker.java:804)
at org.testng.internal.TestInvoker.invokeTestMethods(TestInvoker.java:145)
at org.testng.internal.TestMethodWorker.invokeTestMethods(TestMethodWorker.java:146)
at org.testng.internal.TestMethodWorker.run(TestMethodWorker.java:128)
at java.base/java.util.ArrayList.forEach(ArrayList.java:1511)
at org.testng.TestRunner.privateRun(TestRunner.java:770)
at org.testng.TestRunner.run(TestRunner.java:591)
at org.testng.SuiteRunner.runTest(SuiteRunner.java:402)
at org.testng.SuiteRunner.runSequentially(SuiteRunner.java:396)
at org.testng.SuiteRunner.privateRun(SuiteRunner.java:355)
at org.testng.SuiteRunner.run(SuiteRunner.java:304)
at org.testng.SuiteRunnerWorker.runSuite(SuiteRunnerWorker.java:53)
at org.testng.SuiteRunnerWorker.run(SuiteRunnerWorker.java:96)
at org.testng.TestNG.runSuitesSequentially(TestNG.java:1180)
at org.testng.TestNG.runSuitesLocally(TestNG.java:1102)
at org.testng.TestNG.runSuites(TestNG.java:1032)
at org.testng.TestNG.run(TestNG.java:1000)
at org.testng.remote.AbstractRemoteTestNG.run(AbstractRemoteTestNG.java:115)
at org.testng.remote.RemoteTestNG.initAndRun(RemoteTestNG.java:251)
at org.testng.remote.RemoteTestNG.main(RemoteTestNG.java:77)
Caused by: org.openqa.selenium.NoSuchElementException: no such element: Unable to locate element: {"method":"xpath","selector":"//div[@class='logo']//img"}
  (Session info: chrome=105.0.5195.127)
For documentation on this error, please visit: https://www.seleniumhq.org/exceptions/no_such_element.html
Build info: version: '3.141.59', revision: 'e82be7d358', time: '2018-11-14T08:17:03'
System info: host: 'DESKTOP-VLAJNG1', ip: '192.168.1.61', os.name: 'Windows 10', os.arch: 'amd64', os.version: '10.0', java.version: '18.0.2'
Driver info: org.openqa.selenium.chrome.ChromeDriver
Capabilities {acceptInsecureCerts: false, browserName: chrome, browserVersion: 105.0.5195.127, chrome: {chromedriverVersion: 105.0.5195.52 (412c95e51883..., userDataDir: C:\Users\NEXGEN\AppData\Loc...}, goog:chromeOptions: {debuggerAddress: localhost:1535}, javascriptEnabled: true, networkConnectionEnabled: false, pageLoadStrategy: normal, platform: WINDOWS, platformName: WINDOWS, proxy: Proxy(), setWindowRect: true, strictFileInteractability: false, timeouts: {implicit: 0, pageLoad: 300000, script: 30000}, unhandledPromptBehavior: dismiss and notify, webauthn:extension:credBlob: true, webauthn:extension:largeBlob: true, webauthn:virtualAuthenticators: true}
Session ID: edfecdaf78951b3efd350eba5af86e96
*** Element info: {Using=xpath, value=//div[@class='logo']//img}
at java.base/jdk.internal.reflect.DirectConstructorHandleAccessor.newInstance(DirectConstructorHandleAccessor.java:67)
at java.base/java.lang.reflect.Constructor.newInstanceWithCaller(Constructor.java:499)
at java.base/java.lang.reflect.Constructor.newInstance(Constructor.java:483)
at org.openqa.selenium.remote.http.W3CHttpResponseCodec.createException(W3CHttpResponseCodec.java:187)
at org.openqa.selenium.remote.http.W3CHttpResponseCodec.decode(W3CHttpResponseCodec.java:122)
at org.openqa.selenium.remote.http.W3CHttpResponseCodec.decode(W3CHttpResponseCodec.java:49)
at org.openqa.selenium.remote.HttpCommandExecutor.execute(HttpCommandExecutor.java:158)
at org.openqa.selenium.remote.service.DriverCommandExecutor.execute(DriverCommandExecutor.java:83)
at org.openqa.selenium.remote.RemoteWebDriver.execute(RemoteWebDriver.java:552)
at org.openqa.selenium.remote.RemoteWebDriver.findElement(RemoteWebDriver.java:323)
at org.openqa.selenium.remote.RemoteWebDriver.findElementByXPath(RemoteWebDriver.java:428)
at org.openqa.selenium.By$ByXPath.findElement(By.java:353)
at org.openqa.selenium.remote.RemoteWebDriver.findElement(RemoteWebDriver.java:315)
at org.openqa.selenium.support.ui.ExpectedConditions$7.apply(ExpectedConditions.java:205)
at org.openqa.selenium.support.ui.ExpectedConditions$7.apply(ExpectedConditions.java:201)
at org.openqa.selenium.support.ui.FluentWait.until(FluentWait.java:249)
... 29 more
]]>
    </error>
  </testcase> <!-- AppLogTest -->
  <testcase classname="com.ots.test.ui.LoginTest" name="loginText" time="0.000">
    <skipped/>
  </testcase> <!-- loginText -->
  <testcase classname="com.ots.test.ui.LoginTest" name="userNameText" time="0.000">
    <skipped/>
  </testcase> <!-- userNameText -->
  <testcase classname="com.ots.test.ui.LoginTest" name="userNameComponent" time="0.000">
    <skipped/>
  </testcase> <!-- userNameComponent -->
  <testcase classname="com.ots.test.ui.LoginTest" name="userNamePlaceholder" time="0.000">
    <skipped/>
  </testcase> <!-- userNamePlaceholder -->
  <testcase classname="com.ots.test.ui.LoginTest" name="passwordText" time="0.000">
    <skipped/>
  </testcase> <!-- passwordText -->
  <testcase classname="com.ots.test.ui.LoginTest" name="passwordComponent" time="0.000">
    <skipped/>
  </testcase> <!-- passwordComponent -->
  <testcase classname="com.ots.test.ui.LoginTest" name="passwordPlaceholder" time="0.000">
    <skipped/>
  </testcase> <!-- passwordPlaceholder -->
  <testcase classname="com.ots.test.ui.LoginTest" name="fieldValidationUserName" time="0.000">
    <skipped/>
  </testcase> <!-- fieldValidationUserName -->
  <testcase classname="com.ots.test.ui.LoginTest" name="fieldValidationPassword" time="0.000">
    <skipped/>
  </testcase> <!-- fieldValidationPassword -->
  <testcase classname="com.ots.test.ui.LoginTest" name="signInComponent" time="0.000">
    <skipped/>
  </testcase> <!-- signInComponent -->
  <testcase classname="com.ots.test.ui.LoginTest" name="sendUserName" time="0.000">
    <skipped/>
  </testcase> <!-- sendUserName -->
  <testcase classname="com.ots.test.ui.LoginTest" name="sendPassword" time="0.001">
    <skipped/>
  </testcase> <!-- sendPassword -->
  <testcase classname="com.ots.test.ui.LoginTest" name="signInTest" time="0.000">
    <skipped/>
  </testcase> <!-- signInTest -->
  <testcase classname="com.ots.test.ui.LoginTest" name="logOut" time="0.001">
    <skipped/>
  </testcase> <!-- logOut -->
</testsuite> <!-- com.ots.test.ui.LoginTest -->
