<?xml version="1.0" encoding="UTF-8"?>
<!-- Generated by org.testng.reporters.JUnitReportReporter -->
<testsuite hostname="DESKTOP-VLAJNG1" failures="0" tests="61" name="com.ots.test.ui.OTSByDateTest" time="28.086" errors="1" timestamp="2022-09-26T19:47:38 IST" skipped="60">
  <testcase classname="com.ots.test.ui.OTSByDateTest" name="login" time="28.076">
    <error message="Expected condition failed: waiting for visibility of element located by By.id: email (tried for 25 second(s) with 500 milliseconds interval)" type="org.openqa.selenium.TimeoutException">
      <![CDATA[org.openqa.selenium.TimeoutException: Expected condition failed: waiting for visibility of element located by By.id: email (tried for 25 second(s) with 500 milliseconds interval)
at org.openqa.selenium.support.ui.WebDriverWait.timeoutException(WebDriverWait.java:95)
at org.openqa.selenium.support.ui.FluentWait.until(FluentWait.java:272)
at com.ots.test.ui.common.utils.UITestSeleniumHelper.waitForElementToBeLoadedById(UITestSeleniumHelper.java:433)
at com.ots.test.ui.OTSByDateTest.login(OTSByDateTest.java:112)
at java.base/jdk.internal.reflect.DirectMethodHandleAccessor.invoke(DirectMethodHandleAccessor.java:104)
at java.base/java.lang.reflect.Method.invoke(Method.java:577)
at org.testng.internal.MethodInvocationHelper.invokeMethod(MethodInvocationHelper.java:133)
at org.testng.internal.TestInvoker.invokeMethod(TestInvoker.java:584)
at org.testng.internal.TestInvoker.invokeTestMethod(TestInvoker.java:172)
at org.testng.internal.MethodRunner.runInSequence(MethodRunner.java:46)
at org.testng.internal.TestInvoker$MethodInvocationAgent.invoke(TestInvoker.java:804)
at org.testng.internal.TestInvoker.invokeTestMethods(TestInvoker.java:145)
at org.testng.internal.TestMethodWorker.invokeTestMethods(TestMethodWorker.java:146)
at org.testng.internal.TestMethodWorker.run(TestMethodWorker.java:128)
at java.base/java.util.ArrayList.forEach(ArrayList.java:1511)
at org.testng.TestRunner.privateRun(TestRunner.java:770)
at org.testng.TestRunner.run(TestRunner.java:591)
at org.testng.SuiteRunner.runTest(SuiteRunner.java:402)
at org.testng.SuiteRunner.runSequentially(SuiteRunner.java:396)
at org.testng.SuiteRunner.privateRun(SuiteRunner.java:355)
at org.testng.SuiteRunner.run(SuiteRunner.java:304)
at org.testng.SuiteRunnerWorker.runSuite(SuiteRunnerWorker.java:53)
at org.testng.SuiteRunnerWorker.run(SuiteRunnerWorker.java:96)
at org.testng.TestNG.runSuitesSequentially(TestNG.java:1180)
at org.testng.TestNG.runSuitesLocally(TestNG.java:1102)
at org.testng.TestNG.runSuites(TestNG.java:1032)
at org.testng.TestNG.run(TestNG.java:1000)
at org.testng.remote.AbstractRemoteTestNG.run(AbstractRemoteTestNG.java:115)
at org.testng.remote.RemoteTestNG.initAndRun(RemoteTestNG.java:251)
at org.testng.remote.RemoteTestNG.main(RemoteTestNG.java:77)
Caused by: org.openqa.selenium.NoSuchElementException: no such element: Unable to locate element: {"method":"css selector","selector":"#email"}
  (Session info: chrome=105.0.5195.127)
For documentation on this error, please visit: https://www.seleniumhq.org/exceptions/no_such_element.html
Build info: version: '3.141.59', revision: 'e82be7d358', time: '2018-11-14T08:17:03'
System info: host: 'DESKTOP-VLAJNG1', ip: '192.168.1.61', os.name: 'Windows 10', os.arch: 'amd64', os.version: '10.0', java.version: '18.0.2'
Driver info: org.openqa.selenium.chrome.ChromeDriver
Capabilities {acceptInsecureCerts: false, browserName: chrome, browserVersion: 105.0.5195.127, chrome: {chromedriverVersion: 105.0.5195.52 (412c95e51883..., userDataDir: C:\Users\NEXGEN\AppData\Loc...}, goog:chromeOptions: {debuggerAddress: localhost:13013}, javascriptEnabled: true, networkConnectionEnabled: false, pageLoadStrategy: normal, platform: WINDOWS, platformName: WINDOWS, proxy: Proxy(), setWindowRect: true, strictFileInteractability: false, timeouts: {implicit: 0, pageLoad: 300000, script: 30000}, unhandledPromptBehavior: dismiss and notify, webauthn:extension:credBlob: true, webauthn:extension:largeBlob: true, webauthn:virtualAuthenticators: true}
Session ID: 8bbaaa460e9d4713babcaa9a5d8b7c5f
*** Element info: {Using=id, value=email}
at java.base/jdk.internal.reflect.DirectConstructorHandleAccessor.newInstance(DirectConstructorHandleAccessor.java:67)
at java.base/java.lang.reflect.Constructor.newInstanceWithCaller(Constructor.java:499)
at java.base/java.lang.reflect.Constructor.newInstance(Constructor.java:483)
at org.openqa.selenium.remote.http.W3CHttpResponseCodec.createException(W3CHttpResponseCodec.java:187)
at org.openqa.selenium.remote.http.W3CHttpResponseCodec.decode(W3CHttpResponseCodec.java:122)
at org.openqa.selenium.remote.http.W3CHttpResponseCodec.decode(W3CHttpResponseCodec.java:49)
at org.openqa.selenium.remote.HttpCommandExecutor.execute(HttpCommandExecutor.java:158)
at org.openqa.selenium.remote.service.DriverCommandExecutor.execute(DriverCommandExecutor.java:83)
at org.openqa.selenium.remote.RemoteWebDriver.execute(RemoteWebDriver.java:552)
at org.openqa.selenium.remote.RemoteWebDriver.findElement(RemoteWebDriver.java:323)
at org.openqa.selenium.remote.RemoteWebDriver.findElementById(RemoteWebDriver.java:372)
at org.openqa.selenium.By$ById.findElement(By.java:188)
at org.openqa.selenium.remote.RemoteWebDriver.findElement(RemoteWebDriver.java:315)
at org.openqa.selenium.support.ui.ExpectedConditions$7.apply(ExpectedConditions.java:205)
at org.openqa.selenium.support.ui.ExpectedConditions$7.apply(ExpectedConditions.java:201)
at org.openqa.selenium.support.ui.FluentWait.until(FluentWait.java:249)
... 28 more
]]>
    </error>
  </testcase> <!-- login -->
  <testcase classname="com.ots.test.ui.OTSByDateTest" name="NavigateToReports" time="0.000">
    <skipped/>
  </testcase> <!-- NavigateToReports -->
  <testcase classname="com.ots.test.ui.OTSByDateTest" name="navigateToOTSbyDate" time="0.000">
    <skipped/>
  </testcase> <!-- navigateToOTSbyDate -->
  <testcase classname="com.ots.test.ui.OTSByDateTest" name="sidebarTest" time="0.000">
    <skipped/>
  </testcase> <!-- sidebarTest -->
  <testcase classname="com.ots.test.ui.OTSByDateTest" name="headerNameOTSbyDate" time="0.000">
    <skipped/>
  </testcase> <!-- headerNameOTSbyDate -->
  <testcase classname="com.ots.test.ui.OTSByDateTest" name="sidebarMinimizer" time="0.000">
    <skipped/>
  </testcase> <!-- sidebarMinimizer -->
  <testcase classname="com.ots.test.ui.OTSByDateTest" name="sidebarMinimizerTest" time="0.000">
    <skipped/>
  </testcase> <!-- sidebarMinimizerTest -->
  <testcase classname="com.ots.test.ui.OTSByDateTest" name="sidebarMinimizercssTest" time="0.000">
    <skipped/>
  </testcase> <!-- sidebarMinimizercssTest -->
  <testcase classname="com.ots.test.ui.OTSByDateTest" name="notificationHeaderTest" time="0.001">
    <skipped/>
  </testcase> <!-- notificationHeaderTest -->
  <testcase classname="com.ots.test.ui.OTSByDateTest" name="jobQueuedTest" time="0.000">
    <skipped/>
  </testcase> <!-- jobQueuedTest -->
  <testcase classname="com.ots.test.ui.OTSByDateTest" name="downLoadReportNotification" time="0.000">
    <skipped/>
  </testcase> <!-- downLoadReportNotification -->
  <testcase classname="com.ots.test.ui.OTSByDateTest" name="jobCompletedTest" time="0.000">
    <skipped/>
  </testcase> <!-- jobCompletedTest -->
  <testcase classname="com.ots.test.ui.OTSByDateTest" name="runReportEnableTest" time="0.000">
    <skipped/>
  </testcase> <!-- runReportEnableTest -->
  <testcase classname="com.ots.test.ui.OTSByDateTest" name="otsIncludeStockTest" time="0.000">
    <skipped/>
  </testcase> <!-- otsIncludeStockTest -->
  <testcase classname="com.ots.test.ui.OTSByDateTest" name="otsIncludeWipTest" time="0.000">
    <skipped/>
  </testcase> <!-- otsIncludeWipTest -->
  <testcase classname="com.ots.test.ui.OTSByDateTest" name="otsIncludeOrdersTest" time="0.000">
    <skipped/>
  </testcase> <!-- otsIncludeOrdersTest -->
  <testcase classname="com.ots.test.ui.OTSByDateTest" name="otsIngnoreStock" time="0.000">
    <skipped/>
  </testcase> <!-- otsIngnoreStock -->
  <testcase classname="com.ots.test.ui.OTSByDateTest" name="otsAllocatedStock" time="0.000">
    <skipped/>
  </testcase> <!-- otsAllocatedStock -->
  <testcase classname="com.ots.test.ui.OTSByDateTest" name="otsAllocatedWip" time="0.000">
    <skipped/>
  </testcase> <!-- otsAllocatedWip -->
  <testcase classname="com.ots.test.ui.OTSByDateTest" name="otsPickTickets" time="0.000">
    <skipped/>
  </testcase> <!-- otsPickTickets -->
  <testcase classname="com.ots.test.ui.OTSByDateTest" name="OTSCalculationCheckBoxClickTest" time="0.000">
    <skipped/>
  </testcase> <!-- OTSCalculationCheckBoxClickTest -->
  <testcase classname="com.ots.test.ui.OTSByDateTest" name="OTSCalculationCheckBoxUncheckTest" time="0.000">
    <skipped/>
  </testcase> <!-- OTSCalculationCheckBoxUncheckTest -->
  <testcase classname="com.ots.test.ui.OTSByDateTest" name="OTSDateTestIncludeOTS" time="0.001">
    <skipped/>
  </testcase> <!-- OTSDateTestIncludeOTS -->
  <testcase classname="com.ots.test.ui.OTSByDateTest" name="OTSDateTestIncludeOTSOptions" time="0.000">
    <skipped/>
  </testcase> <!-- OTSDateTestIncludeOTSOptions -->
  <testcase classname="com.ots.test.ui.OTSByDateTest" name="OTSDateTestDefaultOption" time="0.000">
    <skipped/>
  </testcase> <!-- OTSDateTestDefaultOption -->
  <testcase classname="com.ots.test.ui.OTSByDateTest" name="OTSDateTestYesOption" time="0.000">
    <skipped/>
  </testcase> <!-- OTSDateTestYesOption -->
  <testcase classname="com.ots.test.ui.OTSByDateTest" name="OTSDateTestYesOptionCSS" time="0.003">
    <skipped/>
  </testcase> <!-- OTSDateTestYesOptionCSS -->
  <testcase classname="com.ots.test.ui.OTSByDateTest" name="dateFieldAndADDIconTest" time="0.000">
    <skipped/>
  </testcase> <!-- dateFieldAndADDIconTest -->
  <testcase classname="com.ots.test.ui.OTSByDateTest" name="dateFieldFormatTest" time="0.000">
    <skipped/>
  </testcase> <!-- dateFieldFormatTest -->
  <testcase classname="com.ots.test.ui.OTSByDateTest" name="otsDateDatePickerTest" time="0.000">
    <skipped/>
  </testcase> <!-- otsDateDatePickerTest -->
  <testcase classname="com.ots.test.ui.OTSByDateTest" name="datePickerHeaderTest" time="0.000">
    <skipped/>
  </testcase> <!-- datePickerHeaderTest -->
  <testcase classname="com.ots.test.ui.OTSByDateTest" name="datePickerDayNameTest" time="0.001">
    <skipped/>
  </testcase> <!-- datePickerDayNameTest -->
  <testcase classname="com.ots.test.ui.OTSByDateTest" name="datePickePreviousrArrowIconClickTest" time="0.000">
    <skipped/>
  </testcase> <!-- datePickePreviousrArrowIconClickTest -->
  <testcase classname="com.ots.test.ui.OTSByDateTest" name="datePickerGrayedAndActiveDayTest" time="0.000">
    <skipped/>
  </testcase> <!-- datePickerGrayedAndActiveDayTest -->
  <testcase classname="com.ots.test.ui.OTSByDateTest" name="currentDateTest" time="0.000">
    <skipped/>
  </testcase> <!-- currentDateTest -->
  <testcase classname="com.ots.test.ui.OTSByDateTest" name="datePickerSelectDateTest" time="0.000">
    <skipped/>
  </testcase> <!-- datePickerSelectDateTest -->
  <testcase classname="com.ots.test.ui.OTSByDateTest" name="datePickerHeaderdatefield2" time="0.000">
    <skipped/>
  </testcase> <!-- datePickerHeaderdatefield2 -->
  <testcase classname="com.ots.test.ui.OTSByDateTest" name="datePickerSendDatefield2" time="0.000">
    <skipped/>
  </testcase> <!-- datePickerSendDatefield2 -->
  <testcase classname="com.ots.test.ui.OTSByDateTest" name="OTSDateTestAddTest" time="0.000">
    <skipped/>
  </testcase> <!-- OTSDateTestAddTest -->
  <testcase classname="com.ots.test.ui.OTSByDateTest" name="OTSDateTestSubTest" time="0.000">
    <skipped/>
  </testcase> <!-- OTSDateTestSubTest -->
  <testcase classname="com.ots.test.ui.OTSByDateTest" name="OTSDateTestRemoveDatefield" time="0.000">
    <skipped/>
  </testcase> <!-- OTSDateTestRemoveDatefield -->
  <testcase classname="com.ots.test.ui.OTSByDateTest" name="afterRemovedDatefieldAddSymbol" time="0.000">
    <skipped/>
  </testcase> <!-- afterRemovedDatefieldAddSymbol -->
  <testcase classname="com.ots.test.ui.OTSByDateTest" name="afterRemovedSpecificDatefield" time="0.000">
    <skipped/>
  </testcase> <!-- afterRemovedSpecificDatefield -->
  <testcase classname="com.ots.test.ui.OTSByDateTest" name="wareHouseTestAllWarehouseText" time="0.000">
    <skipped/>
  </testcase> <!-- wareHouseTestAllWarehouseText -->
  <testcase classname="com.ots.test.ui.OTSByDateTest" name="wareHouseTestDisplayStockText" time="0.000">
    <skipped/>
  </testcase> <!-- wareHouseTestDisplayStockText -->
  <testcase classname="com.ots.test.ui.OTSByDateTest" name="wareHouseDefaultButtonTest" time="0.001">
    <skipped/>
  </testcase> <!-- wareHouseDefaultButtonTest -->
  <testcase classname="com.ots.test.ui.OTSByDateTest" name="displayStockSpecifiedWarehouseTest" time="0.000">
    <skipped/>
  </testcase> <!-- displayStockSpecifiedWarehouseTest -->
  <testcase classname="com.ots.test.ui.OTSByDateTest" name="runReportDisplayStockTest" time="0.001">
    <skipped/>
  </testcase> <!-- runReportDisplayStockTest -->
  <testcase classname="com.ots.test.ui.OTSByDateTest" name="wareHouseTest" time="0.000">
    <skipped/>
  </testcase> <!-- wareHouseTest -->
  <testcase classname="com.ots.test.ui.OTSByDateTest" name="diplayStockCheckBoxClickingTest" time="0.000">
    <skipped/>
  </testcase> <!-- diplayStockCheckBoxClickingTest -->
  <testcase classname="com.ots.test.ui.OTSByDateTest" name="tagAllTest" time="0.000">
    <skipped/>
  </testcase> <!-- tagAllTest -->
  <testcase classname="com.ots.test.ui.OTSByDateTest" name="unTagAllTest" time="0.000">
    <skipped/>
  </testcase> <!-- unTagAllTest -->
  <testcase classname="com.ots.test.ui.OTSByDateTest" name="diplayStockTagAllTest" time="0.000">
    <skipped/>
  </testcase> <!-- diplayStockTagAllTest -->
  <testcase classname="com.ots.test.ui.OTSByDateTest" name="warehousesTest" time="0.000">
    <skipped/>
  </testcase> <!-- warehousesTest -->
  <testcase classname="com.ots.test.ui.OTSByDateTest" name="otsBySizeText" time="0.000">
    <skipped/>
  </testcase> <!-- otsBySizeText -->
  <testcase classname="com.ots.test.ui.OTSByDateTest" name="otsBySizeTest" time="0.000">
    <skipped/>
  </testcase> <!-- otsBySizeTest -->
  <testcase classname="com.ots.test.ui.OTSByDateTest" name="footerRightSideText" time="0.001">
    <skipped/>
  </testcase> <!-- footerRightSideText -->
  <testcase classname="com.ots.test.ui.OTSByDateTest" name="footerLeftSideText" time="0.001">
    <skipped/>
  </testcase> <!-- footerLeftSideText -->
  <testcase classname="com.ots.test.ui.OTSByDateTest" name="runReportTest" time="0.000">
    <skipped/>
  </testcase> <!-- runReportTest -->
  <testcase classname="com.ots.test.ui.OTSByDateTest" name="fileTest" time="0.000">
    <skipped/>
  </testcase> <!-- fileTest -->
  <testcase classname="com.ots.test.ui.OTSByDateTest" name="logOut" time="0.000">
    <skipped/>
  </testcase> <!-- logOut -->
</testsuite> <!-- com.ots.test.ui.OTSByDateTest -->
